1729864919.600721 client started (77404): version 3.5a, socket /private/tmp/tmux-502/default, protocol 8
1729864919.600814 on Darwin 24.0.0 Darwin Kernel Version 24.0.0: Tue Sep 24 23:37:25 PDT 2024; root:xnu-11215.1.12~1/RELEASE_ARM64_T6030
1729864919.600838 using libevent 2.1.12-stable select
1729864919.600878 using utf8proc 2.9.0
1729864919.600892 using ncurses 6.5 20240427
1729864919.600922 flags are 0x10010000
1729864919.600938 socket is /private/tmp/tmux-502/default
1729864919.600956 trying connect
1729864919.601033 add peer 0x148008000: 6 (0x0)
1729864919.604172 sending message 111 to peer 0x148008000 (8 bytes)
1729864919.604204 sending message 111 to peer 0x148008000 (8 bytes)
1729864919.604214 sending message 101 to peer 0x148008000 (8 bytes)
1729864919.604223 sending message 109 to peer 0x148008000 (4 bytes)
1729864919.604231 sending message 102 to peer 0x148008000 (13 bytes)
1729864919.604238 sending message 108 to peer 0x148008000 (26 bytes)
1729864919.604246 sending message 112 to peer 0x148008000 (58 bytes)
1729864919.604253 sending message 112 to peer 0x148008000 (5 bytes)
1729864919.604260 sending message 112 to peer 0x148008000 (6 bytes)
1729864919.604267 sending message 112 to peer 0x148008000 (6 bytes)
1729864919.604275 sending message 112 to peer 0x148008000 (11 bytes)
1729864919.604282 sending message 112 to peer 0x148008000 (10 bytes)
1729864919.604289 sending message 112 to peer 0x148008000 (13 bytes)
1729864919.604296 sending message 112 to peer 0x148008000 (14 bytes)
1729864919.604303 sending message 112 to peer 0x148008000 (19 bytes)
1729864919.604310 sending message 112 to peer 0x148008000 (11 bytes)
1729864919.604317 sending message 112 to peer 0x148008000 (10 bytes)
1729864919.604324 sending message 112 to peer 0x148008000 (15 bytes)
1729864919.604331 sending message 112 to peer 0x148008000 (21 bytes)
1729864919.604338 sending message 112 to peer 0x148008000 (13 bytes)
1729864919.604345 sending message 112 to peer 0x148008000 (7 bytes)
1729864919.604352 sending message 112 to peer 0x148008000 (13 bytes)
1729864919.604359 sending message 112 to peer 0x148008000 (7 bytes)
1729864919.604366 sending message 112 to peer 0x148008000 (13 bytes)
1729864919.604373 sending message 112 to peer 0x148008000 (9 bytes)
1729864919.604380 sending message 112 to peer 0x148008000 (21 bytes)
1729864919.604388 sending message 112 to peer 0x148008000 (13 bytes)
1729864919.604394 sending message 112 to peer 0x148008000 (9 bytes)
1729864919.604401 sending message 112 to peer 0x148008000 (16 bytes)
1729864919.604408 sending message 112 to peer 0x148008000 (13 bytes)
1729864919.604415 sending message 112 to peer 0x148008000 (9 bytes)
1729864919.604422 sending message 112 to peer 0x148008000 (9 bytes)
1729864919.604429 sending message 112 to peer 0x148008000 (12 bytes)
1729864919.604436 sending message 112 to peer 0x148008000 (8 bytes)
1729864919.604444 sending message 112 to peer 0x148008000 (13 bytes)
1729864919.604451 sending message 112 to peer 0x148008000 (7 bytes)
1729864919.604458 sending message 112 to peer 0x148008000 (7 bytes)
1729864919.604465 sending message 112 to peer 0x148008000 (9 bytes)
1729864919.604472 sending message 112 to peer 0x148008000 (7 bytes)
1729864919.604479 sending message 112 to peer 0x148008000 (9 bytes)
1729864919.604486 sending message 112 to peer 0x148008000 (15 bytes)
1729864919.604493 sending message 112 to peer 0x148008000 (13 bytes)
1729864919.604501 sending message 112 to peer 0x148008000 (12 bytes)
1729864919.604508 sending message 112 to peer 0x148008000 (8 bytes)
1729864919.604515 sending message 112 to peer 0x148008000 (14 bytes)
1729864919.604522 sending message 112 to peer 0x148008000 (11 bytes)
1729864919.604529 sending message 112 to peer 0x148008000 (9 bytes)
1729864919.604536 sending message 112 to peer 0x148008000 (10 bytes)
1729864919.604543 sending message 112 to peer 0x148008000 (10 bytes)
1729864919.604550 sending message 112 to peer 0x148008000 (10 bytes)
1729864919.604557 sending message 112 to peer 0x148008000 (10 bytes)
1729864919.604564 sending message 112 to peer 0x148008000 (11 bytes)
1729864919.604586 sending message 112 to peer 0x148008000 (11 bytes)
1729864919.604592 sending message 112 to peer 0x148008000 (9 bytes)
1729864919.604597 sending message 112 to peer 0x148008000 (12 bytes)
1729864919.604603 sending message 112 to peer 0x148008000 (8 bytes)
1729864919.604608 sending message 112 to peer 0x148008000 (11 bytes)
1729864919.604613 sending message 112 to peer 0x148008000 (11 bytes)
1729864919.604618 sending message 112 to peer 0x148008000 (11 bytes)
1729864919.604623 sending message 112 to peer 0x148008000 (12 bytes)
1729864919.604628 sending message 112 to peer 0x148008000 (12 bytes)
1729864919.604633 sending message 112 to peer 0x148008000 (12 bytes)
1729864919.604639 sending message 112 to peer 0x148008000 (12 bytes)
1729864919.604644 sending message 112 to peer 0x148008000 (13 bytes)
1729864919.604649 sending message 112 to peer 0x148008000 (13 bytes)
1729864919.604654 sending message 112 to peer 0x148008000 (13 bytes)
1729864919.604659 sending message 112 to peer 0x148008000 (8 bytes)
1729864919.604664 sending message 112 to peer 0x148008000 (13 bytes)
1729864919.604669 sending message 112 to peer 0x148008000 (13 bytes)
1729864919.604674 sending message 112 to peer 0x148008000 (13 bytes)
1729864919.604679 sending message 112 to peer 0x148008000 (13 bytes)
1729864919.604684 sending message 112 to peer 0x148008000 (13 bytes)
1729864919.604690 sending message 112 to peer 0x148008000 (12 bytes)
1729864919.604695 sending message 112 to peer 0x148008000 (12 bytes)
1729864919.604700 sending message 112 to peer 0x148008000 (12 bytes)
1729864919.604705 sending message 112 to peer 0x148008000 (12 bytes)
1729864919.604710 sending message 112 to peer 0x148008000 (13 bytes)
1729864919.604715 sending message 112 to peer 0x148008000 (8 bytes)
1729864919.604720 sending message 112 to peer 0x148008000 (13 bytes)
1729864919.604725 sending message 112 to peer 0x148008000 (13 bytes)
1729864919.604730 sending message 112 to peer 0x148008000 (13 bytes)
1729864919.604736 sending message 112 to peer 0x148008000 (13 bytes)
1729864919.604741 sending message 112 to peer 0x148008000 (13 bytes)
1729864919.604746 sending message 112 to peer 0x148008000 (13 bytes)
1729864919.604751 sending message 112 to peer 0x148008000 (13 bytes)
1729864919.604756 sending message 112 to peer 0x148008000 (12 bytes)
1729864919.604761 sending message 112 to peer 0x148008000 (12 bytes)
1729864919.604766 sending message 112 to peer 0x148008000 (12 bytes)
1729864919.604771 sending message 112 to peer 0x148008000 (8 bytes)
1729864919.604777 sending message 112 to peer 0x148008000 (12 bytes)
1729864919.604782 sending message 112 to peer 0x148008000 (13 bytes)
1729864919.604787 sending message 112 to peer 0x148008000 (13 bytes)
1729864919.604792 sending message 112 to peer 0x148008000 (13 bytes)
1729864919.604797 sending message 112 to peer 0x148008000 (13 bytes)
1729864919.604802 sending message 112 to peer 0x148008000 (13 bytes)
1729864919.604807 sending message 112 to peer 0x148008000 (13 bytes)
1729864919.604812 sending message 112 to peer 0x148008000 (13 bytes)
1729864919.604817 sending message 112 to peer 0x148008000 (13 bytes)
1729864919.604822 sending message 112 to peer 0x148008000 (12 bytes)
1729864919.604827 sending message 112 to peer 0x148008000 (10 bytes)
1729864919.604833 sending message 112 to peer 0x148008000 (12 bytes)
1729864919.604838 sending message 112 to peer 0x148008000 (12 bytes)
1729864919.604843 sending message 112 to peer 0x148008000 (12 bytes)
1729864919.604848 sending message 112 to peer 0x148008000 (13 bytes)
1729864919.604853 sending message 112 to peer 0x148008000 (13 bytes)
1729864919.604858 sending message 112 to peer 0x148008000 (13 bytes)
1729864919.604864 sending message 112 to peer 0x148008000 (13 bytes)
1729864919.604869 sending message 112 to peer 0x148008000 (13 bytes)
1729864919.604874 sending message 112 to peer 0x148008000 (13 bytes)
1729864919.604879 sending message 112 to peer 0x148008000 (13 bytes)
1729864919.604884 sending message 112 to peer 0x148008000 (10 bytes)
1729864919.604890 sending message 112 to peer 0x148008000 (13 bytes)
1729864919.604904 sending message 112 to peer 0x148008000 (12 bytes)
1729864919.604909 sending message 112 to peer 0x148008000 (12 bytes)
1729864919.604915 sending message 112 to peer 0x148008000 (12 bytes)
1729864919.604920 sending message 112 to peer 0x148008000 (10 bytes)
1729864919.604925 sending message 112 to peer 0x148008000 (10 bytes)
1729864919.604930 sending message 112 to peer 0x148008000 (10 bytes)
1729864919.604935 sending message 112 to peer 0x148008000 (12 bytes)
1729864919.604941 sending message 112 to peer 0x148008000 (10 bytes)
1729864919.604946 sending message 112 to peer 0x148008000 (11 bytes)
1729864919.604951 sending message 112 to peer 0x148008000 (11 bytes)
1729864919.604956 sending message 112 to peer 0x148008000 (12 bytes)
1729864919.604961 sending message 112 to peer 0x148008000 (12 bytes)
1729864919.604966 sending message 112 to peer 0x148008000 (10 bytes)
1729864919.604971 sending message 112 to peer 0x148008000 (9 bytes)
1729864919.604976 sending message 112 to peer 0x148008000 (12 bytes)
1729864919.604981 sending message 112 to peer 0x148008000 (9 bytes)
1729864919.604987 sending message 112 to peer 0x148008000 (12 bytes)
1729864919.604992 sending message 112 to peer 0x148008000 (11 bytes)
1729864919.604997 sending message 112 to peer 0x148008000 (12 bytes)
1729864919.605002 sending message 112 to peer 0x148008000 (21 bytes)
1729864919.605007 sending message 112 to peer 0x148008000 (12 bytes)
1729864919.605013 sending message 112 to peer 0x148008000 (9 bytes)
1729864919.605018 sending message 112 to peer 0x148008000 (6 bytes)
1729864919.605023 sending message 112 to peer 0x148008000 (13 bytes)
1729864919.605028 sending message 112 to peer 0x148008000 (10 bytes)
1729864919.605033 sending message 112 to peer 0x148008000 (24 bytes)
1729864919.605038 sending message 112 to peer 0x148008000 (13 bytes)
1729864919.605043 sending message 112 to peer 0x148008000 (9 bytes)
1729864919.605048 sending message 112 to peer 0x148008000 (70 bytes)
1729864919.605053 sending message 112 to peer 0x148008000 (69 bytes)
1729864919.605058 sending message 112 to peer 0x148008000 (70 bytes)
1729864919.605063 sending message 112 to peer 0x148008000 (12 bytes)
1729864919.605068 sending message 112 to peer 0x148008000 (10 bytes)
1729864919.605073 sending message 112 to peer 0x148008000 (10 bytes)
1729864919.605079 sending message 112 to peer 0x148008000 (24 bytes)
1729864919.605083 sending message 112 to peer 0x148008000 (13 bytes)
1729864919.605089 sending message 112 to peer 0x148008000 (11 bytes)
1729864919.605094 sending message 112 to peer 0x148008000 (10 bytes)
1729864919.605099 sending message 112 to peer 0x148008000 (10 bytes)
1729864919.605104 sending message 112 to peer 0x148008000 (17 bytes)
1729864919.605109 sending message 112 to peer 0x148008000 (10 bytes)
1729864919.605114 sending message 112 to peer 0x148008000 (13 bytes)
1729864919.605120 sending message 112 to peer 0x148008000 (32 bytes)
1729864919.605125 sending message 112 to peer 0x148008000 (5 bytes)
1729864919.605130 sending message 112 to peer 0x148008000 (9 bytes)
1729864919.605135 sending message 112 to peer 0x148008000 (15 bytes)
1729864919.605142 sending message 104 to peer 0x148008000 (0 bytes)
1729864919.605148 sending message 110 to peer 0x148008000 (0 bytes)
1729864919.605153 sending message 107 to peer 0x148008000 (4 bytes)
1729864919.605159 sending message 105 to peer 0x148008000 (20 bytes)
1729864919.605164 sending message 105 to peer 0x148008000 (22 bytes)
1729864919.605169 sending message 105 to peer 0x148008000 (23 bytes)
1729864919.605174 sending message 105 to peer 0x148008000 (37 bytes)
1729864919.605179 sending message 105 to peer 0x148008000 (30 bytes)
1729864919.605184 sending message 105 to peer 0x148008000 (34 bytes)
1729864919.605190 sending message 105 to peer 0x148008000 (60 bytes)
1729864919.605195 sending message 105 to peer 0x148008000 (17 bytes)
1729864919.605200 sending message 105 to peer 0x148008000 (19 bytes)
1729864919.605205 sending message 105 to peer 0x148008000 (25 bytes)
1729864919.605217 sending message 105 to peer 0x148008000 (514 bytes)
1729864919.605223 sending message 105 to peer 0x148008000 (30 bytes)
1729864919.605229 sending message 105 to peer 0x148008000 (15 bytes)
1729864919.605234 sending message 105 to peer 0x148008000 (8 bytes)
1729864919.605239 sending message 105 to peer 0x148008000 (66 bytes)
1729864919.605244 sending message 105 to peer 0x148008000 (13 bytes)
1729864919.605249 sending message 105 to peer 0x148008000 (18 bytes)
1729864919.605254 sending message 105 to peer 0x148008000 (25 bytes)
1729864919.605259 sending message 105 to peer 0x148008000 (57 bytes)
1729864919.605265 sending message 105 to peer 0x148008000 (42 bytes)
1729864919.605270 sending message 105 to peer 0x148008000 (13 bytes)
1729864919.605275 sending message 105 to peer 0x148008000 (65 bytes)
1729864919.605280 sending message 105 to peer 0x148008000 (16 bytes)
1729864919.605285 sending message 105 to peer 0x148008000 (53 bytes)
1729864919.605290 sending message 105 to peer 0x148008000 (66 bytes)
1729864919.605295 sending message 105 to peer 0x148008000 (72 bytes)
1729864919.605300 sending message 105 to peer 0x148008000 (64 bytes)
1729864919.605305 sending message 105 to peer 0x148008000 (15 bytes)
1729864919.605310 sending message 105 to peer 0x148008000 (73 bytes)
1729864919.605315 sending message 105 to peer 0x148008000 (14 bytes)
1729864919.605320 sending message 105 to peer 0x148008000 (19 bytes)
1729864919.605325 sending message 105 to peer 0x148008000 (33 bytes)
1729864919.605330 sending message 105 to peer 0x148008000 (44 bytes)
1729864919.605335 sending message 105 to peer 0x148008000 (38 bytes)
1729864919.605341 sending message 105 to peer 0x148008000 (17 bytes)
1729864919.605346 sending message 105 to peer 0x148008000 (11 bytes)
1729864919.605351 sending message 105 to peer 0x148008000 (8 bytes)
1729864919.605356 sending message 105 to peer 0x148008000 (32 bytes)
1729864919.605361 sending message 105 to peer 0x148008000 (96 bytes)
1729864919.605366 sending message 105 to peer 0x148008000 (12 bytes)
1729864919.605371 sending message 105 to peer 0x148008000 (31 bytes)
1729864919.605376 sending message 105 to peer 0x148008000 (16 bytes)
1729864919.605381 sending message 105 to peer 0x148008000 (58 bytes)
1729864919.605386 sending message 105 to peer 0x148008000 (67 bytes)
1729864919.605391 sending message 105 to peer 0x148008000 (19 bytes)
1729864919.605396 sending message 105 to peer 0x148008000 (38 bytes)
1729864919.605401 sending message 105 to peer 0x148008000 (25 bytes)
1729864919.605406 sending message 106 to peer 0x148008000 (0 bytes)
1729864919.605493 sending message 200 to peer 0x148008000 (4 bytes)
1729864919.605506 client loop enter
1729864919.605711 peer 0x148008000 message 303
1729864919.605745 open write file 2 -
1729864919.605767 sending message 305 to peer 0x148008000 (8 bytes)
1729864919.605784 write check file 2
1729864919.605807 peer 0x148008000 message 304
1729864919.605813 write 58 to file 2
1729864919.605820 peer 0x148008000 message 203
1729864919.605826 file 2 58 bytes left
1729864919.605841 write check file 2
1729864919.605846 client loop exit
